[2026-03-13 16:03:11] INFO: Listening on port 8080, root=./www
[2026-03-13 16:03:21] INFO: Accepted client fd=4
[2026-03-13 16:03:21] INFO: Request: GET / HTTP/1.1
[2026-03-13 16:03:21] INFO: Accepted client fd=5
[2026-03-13 16:03:21] INFO: Request: GET /favicon.ico HTTP/1.1
git test
[2026-04-19 16:42:48] ERROR: Failed to create listening socket
[2026-04-19 16:43:00] INFO: Listening on port 8080, root=./www
[2026-04-19 16:43:02] INFO: Accepted client fd=4
[2026-04-19 16:43:02] INFO: Request: GET / HTTP/1.1
[2026-04-19 16:43:20] INFO: Accepted client fd=5
[2026-04-19 16:43:20] INFO: Request: GET / HTTP/1.1
[2026-04-20 15:15:40] INFO: Listening on port 8080, root=./www
[2026-04-20 18:09:13] INFO: Listening on port 8080, root=./www
[2026-04-20 19:07:46] INFO: Listening on port 8080, root=./www
[2026-04-20 19:09:52] INFO: Listening on port 8080, root=./www
[2026-04-21 08:54:28] INFO: Listening on port 8080, root=./www
[2026-04-21 08:54:39] INFO: Accepted client fd=4
[2026-04-21 08:54:39] INFO: Request: GET / HTTP/1.1
[2026-04-21 08:55:49] INFO: Listening on port 8080, root=./www
[2026-04-21 08:55:55] INFO: Accepted client fd=4
[2026-04-21 08:55:55] INFO: Request: GET / HTTP/1.1
[2026-04-21 08:56:05] INFO: Accepted client fd=5
[2026-04-21 08:56:05] INFO: Request: GET / HTTP/1.1
[2026-04-21 08:56:20] INFO: Accepted client fd=6
[2026-04-21 08:56:20] INFO: Request: GET / HTTP/1.1
[2026-04-21 12:36:23] INFO: Listening on port 8080, root=./www
[2026-04-21 12:36:31] INFO: Accepted client fd=4
[2026-04-21 12:36:31] INFO: Request: GET / HTTP/1.1
